<?xml version="1.0" encoding="UTF-8"?>
<!-- Generated by org.testng.reporters.JUnitXMLReporter -->
<testsuite ignored="0" hostname="LAPTOP-2U4B2RG0" failures="0" tests="4" name="Test" time="77.837" errors="0" timestamp="14 Jul 2024 11:24:10 GMT">
  <testcase classname="testcases.LogInURLTest" name="login" time="0.015"/>
  <testcase classname="testcases.SigninTest" name="signin" time="11.902"/>
  <testcase classname="testcases.FileUploadTest" name="formupload" time="0.005"/>
  <testcase classname="testcases.Test1" name="signin" time="38.123"/>
</testsuite> <!-- Test -->
