<?xml version="1.0" encoding="UTF-8"?>
<testng-results ignored="0" total="4" passed="4" failed="0" skipped="0">
  <reporter-output>
  </reporter-output>
  <suite started-at="2024-07-14T11:22:52Z" name="Suite" finished-at="2024-07-14T11:24:10Z" duration-ms="77837">
    <groups>
    </groups>
    <test started-at="2024-07-14T11:22:52Z" name="Test" finished-at="2024-07-14T11:24:10Z" duration-ms="77837">
      <class name="testcases.LogInURLTest">
        <test-method is-config="true" signature="setup()[pri:0, instance:testcases.LogInURLTest@2e222612]" started-at="2024-07-14T16:52:52Z" name="setup" finished-at="2024-07-14T16:52:59Z" duration-ms="6940" status="PASS">
          <reporter-output>
          </reporter-output>
        </test-method> <!-- setup -->
        <test-method signature="login()[pri:0, instance:testcases.LogInURLTest@2e222612]" started-at="2024-07-14T16:52:59Z" name="login" finished-at="2024-07-14T16:52:59Z" duration-ms="15" status="PASS">
          <reporter-output>
          </reporter-output>
        </test-method> <!-- login -->
      </class> <!-- testcases.LogInURLTest -->
      <class name="testcases.SigninTest">
        <test-method is-config="true" signature="setup()[pri:0, instance:testcases.SigninTest@61386958]" started-at="2024-07-14T16:52:59Z" name="setup" finished-at="2024-07-14T16:53:03Z" duration-ms="4088" status="PASS">
          <reporter-output>
          </reporter-output>
        </test-method> <!-- setup -->
        <test-method signature="signin()[pri:0, instance:testcases.SigninTest@61386958]" started-at="2024-07-14T16:53:03Z" name="signin" finished-at="2024-07-14T16:53:15Z" duration-ms="11902" status="PASS">
          <reporter-output>
          </reporter-output>
        </test-method> <!-- signin -->
      </class> <!-- testcases.SigninTest -->
      <class name="testcases.FileUploadTest">
        <test-method is-config="true" signature="setup()[pri:0, instance:testcases.FileUploadTest@73ee04c8]" started-at="2024-07-14T16:53:15Z" name="setup" finished-at="2024-07-14T16:53:19Z" duration-ms="4691" status="PASS">
          <reporter-output>
          </reporter-output>
        </test-method> <!-- setup -->
        <test-method is-config="true" signature="fileupload()[pri:0, instance:testcases.FileUploadTest@73ee04c8]" started-at="2024-07-14T16:53:19Z" name="fileupload" finished-at="2024-07-14T16:53:32Z" duration-ms="12047" status="PASS">
          <reporter-output>
          </reporter-output>
        </test-method> <!-- fileupload -->
        <test-method signature="formupload()[pri:0, instance:testcases.FileUploadTest@73ee04c8]" started-at="2024-07-14T16:53:32Z" name="formupload" finished-at="2024-07-14T16:53:32Z" duration-ms="5" status="PASS">
          <reporter-output>
          </reporter-output>
        </test-method> <!-- formupload -->
      </class> <!-- testcases.FileUploadTest -->
      <class name="testcases.Test1">
        <test-method signature="signin()[pri:1, instance:testcases.Test1@7671cb68]" started-at="2024-07-14T16:53:32Z" name="signin" finished-at="2024-07-14T16:54:10Z" duration-ms="38123" status="PASS">
          <reporter-output>
          </reporter-output>
        </test-method> <!-- signin -->
      </class> <!-- testcases.Test1 -->
    </test> <!-- Test -->
  </suite> <!-- Suite -->
</testng-results>
